<?xml version="1.0" encoding="UTF-8"?>
<databaseChangeLog
        xmlns:xsi="http://www.w3.org/2001/XMLSchema-instance"
        xmlns="http://www.liquibase.org/xml/ns/dbchangelog"
        xsi:schemaLocation="http://www.liquibase.org/xml/ns/dbchangelog
                      http://www.liquibase.org/xml/ns/dbchangelog/dbchangelog-3.8.xsd">

    <include  file="init_test_data.sql" relativeToChangelogFile="true"/>
<!--    Will be fixed with PopulationServiceIT. Postgis h3index type should be added to image-->
<!--    <include file="master-changelog.xml" relativeToChangelogFile="true"/>-->

</databaseChangeLog>